# JRE version: Java(TM) SE Runtime Environment (8.0_171-b11) (build 1.8.0_171-b11)
# Java VM: Java HotSpot(TM) 64-Bit Server VM (25.171-b11 mixed mode windows-amd64 compressed oops)
Heap:
 PSYoungGen      total 404480K, used 244664K [0x00000000d5a00000, 0x00000000fc780000, 0x0000000100000000)
  eden space 173056K, 8% used [0x00000000d5a00000,0x00000000d67e5d18,0x00000000e0300000)
  from space 231424K, 99% used [0x00000000ee500000,0x00000000fc608490,0x00000000fc700000)
  to   space 231424K, 0% used [0x00000000e0300000,0x00000000e0300000,0x00000000ee500000)
 ParOldGen       total 967168K, used 737712K [0x0000000080e00000, 0x00000000bbe80000, 0x00000000d5a00000)
  object space 967168K, 76% used [0x0000000080e00000,0x00000000ade6c180,0x00000000bbe80000)
 Metaspace       used 12814K, capacity 13074K, committed 13440K, reserved 1060864K
  class space    used 1482K, capacity 1577K, committed 1664K, reserved 1048576K
GC Heap History (10 events):
Event: 8.105 GC heap before
{Heap before GC invocations=22 (full 5):
 PSYoungGen      total 348672K, used 339841K [0x00000000d5a00000, 0x00000000f9200000, 0x0000000100000000)
  eden space 117248K, 100% used [0x00000000d5a00000,0x00000000dcc80000,0x00000000dcc80000)
  from space 231424K, 96% used [0x00000000eae80000,0x00000000f87e0460,0x00000000f9080000)
  to   space 231424K, 0% used [0x00000000dcc80000,0x00000000dcc80000,0x00000000eae80000)
 ParOldGen       total 668672K, used 440703K [0x0000000080e00000, 0x00000000a9b00000, 0x00000000d5a00000)
  object space 668672K, 65% used [0x0000000080e00000,0x000000009bc5fd08,0x00000000a9b00000)
 Metaspace       used 12640K, capacity 12850K, committed 13184K, reserved 1060864K
  class space    used 1478K, capacity 1545K, committed 1664K, reserved 1048576K
Event: 8.139 GC heap after
Heap after GC invocations=22 (full 5):
 PSYoungGen      total 348672K, used 229281K [0x00000000d5a00000, 0x00000000fa900000, 0x0000000100000000)
  eden space 117248K, 0% used [0x00000000d5a00000,0x00000000d5a00000,0x00000000dcc80000)
  from space 231424K, 99% used [0x00000000dcc80000,0x00000000eac68480,0x00000000eae80000)
  to   space 231424K, 0% used [0x00000000ec700000,0x00000000ec700000,0x00000000fa900000)
 ParOldGen       total 668672K, used 475911K [0x0000000080e00000, 0x00000000a9b00000, 0x00000000d5a00000)
  object space 668672K, 71% used [0x0000000080e00000,0x000000009dec1db8,0x00000000a9b00000)
 Metaspace       used 12640K, capacity 12850K, committed 13184K, reserved 1060864K
  class space    used 1478K, capacity 1545K, committed 1664K, reserved 1048576K
}
Event: 8.902 GC heap before
{Heap before GC invocations=23 (full 5):
 PSYoungGen      total 348672K, used 346529K [0x00000000d5a00000, 0x00000000fa900000, 0x0000000100000000)
  eden space 117248K, 100% used [0x00000000d5a00000,0x00000000dcc80000,0x00000000dcc80000)
  from space 231424K, 99% used [0x00000000dcc80000,0x00000000eac68480,0x00000000eae80000)
  to   space 231424K, 0% used [0x00000000ec700000,0x00000000ec700000,0x00000000fa900000)
 ParOldGen       total 668672K, used 475911K [0x0000000080e00000, 0x00000000a9b00000, 0x00000000d5a00000)
  object space 668672K, 71% used [0x0000000080e00000,0x000000009dec1db8,0x00000000a9b00000)
 Metaspace       used 12661K, capacity 12850K, committed 13184K, reserved 1060864K
  class space    used 1478K, capacity 1545K, committed 1664K, reserved 1048576K
Event: 8.943 GC heap after
Heap after GC invocations=23 (full 5):
 PSYoungGen      total 373760K, used 229505K [0x00000000d5a00000, 0x00000000fa980000, 0x0000000100000000)
  eden space 142336K, 0% used [0x00000000d5a00000,0x00000000d5a00000,0x00000000de500000)
  from space 231424K, 99% used [0x00000000ec700000,0x00000000fa720480,0x00000000fa900000)
  to   space 231424K, 0% used [0x00000000de500000,0x00000000de500000,0x00000000ec700000)
 ParOldGen       total 668672K, used 568719K [0x0000000080e00000, 0x00000000a9b00000, 0x00000000d5a00000)
  object space 668672K, 85% used [0x0000000080e00000,0x00000000a3963f88,0x00000000a9b00000)
 Metaspace       used 12661K, capacity 12850K, committed 13184K, reserved 1060864K
  class space    used 1478K, capacity 1545K, committed 1664K, reserved 1048576K
}
Event: 9.954 GC heap before
{Heap before GC invocations=24 (full 5):
 PSYoungGen      total 373760K, used 369516K [0x00000000d5a00000, 0x00000000fa980000, 0x0000000100000000)
  eden space 142336K, 98% used [0x00000000d5a00000,0x00000000de2baef0,0x00000000de500000)
  from space 231424K, 99% used [0x00000000ec700000,0x00000000fa720480,0x00000000fa900000)
  to   space 231424K, 0% used [0x00000000de500000,0x00000000de500000,0x00000000ec700000)
 ParOldGen       total 668672K, used 568719K [0x0000000080e00000, 0x00000000a9b00000, 0x00000000d5a00000)
  object space 668672K, 85% used [0x0000000080e00000,0x00000000a3963f88,0x00000000a9b00000)
 Metaspace       used 12774K, capacity 12978K, committed 13184K, reserved 1060864K
  class space    used 1478K, capacity 1545K, committed 1664K, reserved 1048576K
Event: 9.997 GC heap after
Heap after GC invocations=24 (full 5):
 PSYoungGen      total 373760K, used 229761K [0x00000000d5a00000, 0x00000000fc700000, 0x0000000100000000)
  eden space 142336K, 0% used [0x00000000d5a00000,0x00000000d5a00000,0x00000000de500000)
  from space 231424K, 99% used [0x00000000de500000,0x00000000ec560480,0x00000000ec700000)
  to   space 231424K, 0% used [0x00000000ee500000,0x00000000ee500000,0x00000000fc700000)
 ParOldGen       total 675840K, used 674328K [0x0000000080e00000, 0x00000000aa200000, 0x00000000d5a00000)
  object space 675840K, 99% used [0x0000000080e00000,0x00000000aa086198,0x00000000aa200000)
 Metaspace       used 12774K, capacity 12978K, committed 13184K, reserved 1060864K
  class space    used 1478K, capacity 1545K, committed 1664K, reserved 1048576K
}
Event: 9.997 GC heap before
{Heap before GC invocations=25 (full 6):
 PSYoungGen      total 373760K, used 229761K [0x00000000d5a00000, 0x00000000fc700000, 0x0000000100000000)
  eden space 142336K, 0% used [0x00000000d5a00000,0x00000000d5a00000,0x00000000de500000)
  from space 231424K, 99% used [0x00000000de500000,0x00000000ec560480,0x00000000ec700000)
  to   space 231424K, 0% used [0x00000000ee500000,0x00000000ee500000,0x00000000fc700000)
 ParOldGen       total 675840K, used 674328K [0x0000000080e00000, 0x00000000aa200000, 0x00000000d5a00000)
  object space 675840K, 99% used [0x0000000080e00000,0x00000000aa086198,0x00000000aa200000)
 Metaspace       used 12774K, capacity 12978K, committed 13184K, reserved 1060864K
  class space    used 1478K, capacity 1545K, committed 1664K, reserved 1048576K
Event: 10.099 GC heap after
Heap after GC invocations=25 (full 6):
 PSYoungGen      total 373760K, used 155167K [0x00000000d5a00000, 0x00000000fc700000, 0x0000000100000000)
  eden space 142336K, 0% used [0x00000000d5a00000,0x00000000d5a00000,0x00000000de500000)
  from space 231424K, 67% used [0x00000000de500000,0x00000000e7c87db0,0x00000000ec700000)
  to   space 231424K, 0% used [0x00000000ee500000,0x00000000ee500000,0x00000000fc700000)
 ParOldGen       total 967168K, used 673696K [0x0000000080e00000, 0x00000000bbe80000, 0x00000000d5a00000)
  object space 967168K, 69% used [0x0000000080e00000,0x00000000a9fe8040,0x00000000bbe80000)
 Metaspace       used 12774K, capacity 12978K, committed 13184K, reserved 1060864K
  class space    used 1478K, capacity 1545K, committed 1664K, reserved 1048576K
}
Event: 11.085 GC heap before
{Heap before GC invocations=26 (full 6):
 PSYoungGen      total 373760K, used 295077K [0x00000000d5a00000, 0x00000000fc700000, 0x0000000100000000)
  eden space 142336K, 98% used [0x00000000d5a00000,0x00000000de2a1948,0x00000000de500000)
  from space 231424K, 67% used [0x00000000de500000,0x00000000e7c87db0,0x00000000ec700000)
  to   space 231424K, 0% used [0x00000000ee500000,0x00000000ee500000,0x00000000fc700000)
 ParOldGen       total 967168K, used 673696K [0x0000000080e00000, 0x00000000bbe80000, 0x00000000d5a00000)
  object space 967168K, 69% used [0x0000000080e00000,0x00000000a9fe8040,0x00000000bbe80000)
 Metaspace       used 12793K, capacity 12978K, committed 13184K, reserved 1060864K
  class space    used 1478K, capacity 1545K, committed 1664K, reserved 1048576K
Event: 11.123 GC heap after
Heap after GC invocations=26 (full 6):
 PSYoungGen      total 404480K, used 230433K [0x00000000d5a00000, 0x00000000fc780000, 0x0000000100000000)
  eden space 173056K, 0% used [0x00000000d5a00000,0x00000000d5a00000,0x00000000e0300000)
  from space 231424K, 99% used [0x00000000ee500000,0x00000000fc608490,0x00000000fc700000)
  to   space 231424K, 0% used [0x00000000e0300000,0x00000000e0300000,0x00000000ee500000)
 ParOldGen       total 967168K, used 737712K [0x0000000080e00000, 0x00000000bbe80000, 0x00000000d5a00000)
  object space 967168K, 76% used [0x0000000080e00000,0x00000000ade6c180,0x00000000bbe80000)
 Metaspace       used 12793K, capacity 12978K, committed 13184K, reserved 1060864K
  class space    used 1478K, capacity 1545K, committed 1664K, reserved 1048576K
}

